<?xml version="1.0" encoding="UTF-8"?>
<testng-results skipped="0" failed="0" ignored="0" total="4" passed="4">
  <reporter-output>
  </reporter-output>
  <suite name="Suite" duration-ms="3056" started-at="2021-08-17T11:38:45 BST" finished-at="2021-08-17T11:38:48 BST">
    <groups>
    </groups>
    <test name="Test" duration-ms="3056" started-at="2021-08-17T11:38:45 BST" finished-at="2021-08-17T11:38:48 BST">
      <class name="weatherAPI.Weather">
        <test-method status="PASS" signature="calculate_date()[pri:1, instance:weatherAPI.Weather@34cd072c]" name="calculate_date" duration-ms="19" started-at="2021-08-17T11:38:45 BST" finished-at="2021-08-17T11:38:45 BST">
          <reporter-output>
          </reporter-output>
        </test-method> <!-- calculate_date -->
        <test-method status="PASS" signature="weather_location_parameters()[pri:2, instance:weatherAPI.Weather@34cd072c]" name="weather_location_parameters" duration-ms="23" started-at="2021-08-17T11:38:45 BST" finished-at="2021-08-17T11:38:45 BST">
          <reporter-output>
          </reporter-output>
        </test-method> <!-- weather_location_parameters -->
        <test-method status="PASS" signature="weather_api_existing_test()[pri:3, instance:weatherAPI.Weather@34cd072c]" name="weather_api_existing_test" duration-ms="2703" started-at="2021-08-17T11:38:45 BST" finished-at="2021-08-17T11:38:48 BST">
          <reporter-output>
          </reporter-output>
        </test-method> <!-- weather_api_existing_test -->
        <test-method status="PASS" signature="weather_api_feature_test()[pri:4, instance:weatherAPI.Weather@34cd072c]" name="weather_api_feature_test" duration-ms="269" started-at="2021-08-17T11:38:48 BST" finished-at="2021-08-17T11:38:48 BST">
          <reporter-output>
          </reporter-output>
        </test-method> <!-- weather_api_feature_test -->
      </class> <!-- weatherAPI.Weather -->
    </test> <!-- Test -->
  </suite> <!-- Suite -->
</testng-results>
