<?xml version="1.0" encoding="UTF-8"?>
<!-- Generated by org.testng.reporters.JUnitXMLReporter -->
<testsuite hostname="CSPNOR-1K6HZM2" ignored="0" name="Default test" tests="4" failures="0" timestamp="2021-08-16T18:25:31 BST" time="3.556" errors="0">
  <testcase name="calculate_date" time="0.019" classname="weatherAPI.Weather"/>
  <testcase name="weather_location_parameters" time="0.024" classname="weatherAPI.Weather"/>
  <testcase name="weather_api_existing_test" time="2.873" classname="weatherAPI.Weather"/>
  <testcase name="weather_api_feature_test" time="0.592" classname="weatherAPI.Weather"/>
</testsuite> <!-- Default test -->
